Fri Dec 18 11:14:05 2020 :: [*****] FILE: highland.are LINE: 2387
Fri Dec 18 11:14:05 2020 :: [*****] BUG: [SSM] The shared string heap is full!
Fri Dec 18 11:14:05 2020 :: [*****] BUG: Fix_exits: 10745:0 -> 10746:2 -> 10748.
Fri Dec 18 11:14:05 2020 :: [*****] BUG: Fix_exits: 10746:2 -> 10748:0 -> 10749.
Fri Dec 18 11:14:05 2020 :: [*****] BUG: Fix_exits: 10748:0 -> 10749:2 -> 10745.
Fri Dec 18 11:14:05 2020 :: [*****] BUG: Fix_exits: 10748:2 -> 10743:0 -> 10745.
Fri Dec 18 11:14:05 2020 :: [*****] BUG: Fix_exits: 10749:2 -> 10745:0 -> 10746.
Fri Dec 18 11:14:05 2020 :: [*****] BUG: Fix_exits: 10758:0 -> 10766:2 -> 10767.
Fri Dec 18 11:14:05 2020 :: [*****] BUG: Fix_exits: 10758:2 -> 10766:0 -> 10767.
Fri Dec 18 11:14:05 2020 :: [*****] BUG: Fix_exits: 10758:4 -> 10766:5 -> 10771.
Fri Dec 18 11:14:05 2020 :: [*****] BUG: Fix_exits: 10763:0 -> 10767:2 -> 10766.
Fri Dec 18 11:14:05 2020 :: [*****] BUG: Fix_exits: 10763:2 -> 10767:0 -> 10766.
Fri Dec 18 11:14:05 2020 :: [*****] BUG: Fix_exits: 10763:5 -> 10767:4 -> 10771.
Fri Dec 18 11:14:05 2020 :: [*****] BUG: Fix_exits: 10770:1 -> 10771:3 -> 10766.
Fri Dec 18 11:14:05 2020 :: [*****] BUG: Fix_exits: 10770:3 -> 10771:1 -> 10767.
Fri Dec 18 11:14:05 2020 :: [*****] BUG: Fix_exits: 10770:4 -> 10771:5 -> 10767.
Fri Dec 18 11:14:05 2020 :: [*****] BUG: Fix_exits: 10770:5 -> 10771:4 -> 10766.
Fri Dec 18 11:14:05 2020 :: [*****] BUG: Fix_exits: 10771:0 -> 10770:2 -> 10769.
Fri Dec 18 11:14:05 2020 :: [*****] BUG: Fix_exits: 2605:4 -> 2606:5 -> 2608.
Fri Dec 18 11:14:05 2020 :: [*****] BUG: Fix_exits: 2617:2 -> 2619:0 -> 2618.
Fri Dec 18 11:14:05 2020 :: EnvyMud is ready to rock on port 9500.
Fri Dec 18 11:14:05 2020 :: IMC: Loading IMC2 command table...
Fri Dec 18 11:14:05 2020 :: IMC: Loading IMC2 network data...
Fri Dec 18 11:14:05 2020 :: IMC: Loading IMC2 help file...
Fri Dec 18 11:14:05 2020 :: IMC: Loading IMC2 color table...
Fri Dec 18 11:14:05 2020 :: IMC: Loading IMC2 who template...
Fri Dec 18 11:14:05 2020 :: IMC: imcfread_word: EOF encountered on read.
Fri Dec 18 11:14:05 2020 :: IMC: IMC2 network data loaded. Autoconnect not set. IMC2 will need to be connected manually.
